c:\users\dries\documents\github\thesis-dynamic-networks\tglib\tglib_cpp\build\src\python_binding\pytglib.dir\release\aggregatedgraph_binding.obj
c:\users\dries\documents\github\thesis-dynamic-networks\tglib\tglib_cpp\build\src\python_binding\pytglib.dir\release\basictypes_binding.obj
c:\users\dries\documents\github\thesis-dynamic-networks\tglib\tglib_cpp\build\src\python_binding\pytglib.dir\release\directedlinegraph_binding.obj
c:\users\dries\documents\github\thesis-dynamic-networks\tglib\tglib_cpp\build\src\python_binding\pytglib.dir\release\temporalkatz_binding.obj
c:\users\dries\documents\github\thesis-dynamic-networks\tglib\tglib_cpp\build\src\python_binding\pytglib.dir\release\temporalbetweenness_binding.obj
c:\users\dries\documents\github\thesis-dynamic-networks\tglib\tglib_cpp\build\src\python_binding\pytglib.dir\release\inputoutput_binding.obj
c:\users\dries\documents\github\thesis-dynamic-networks\tglib\tglib_cpp\build\src\python_binding\pytglib.dir\release\incidentlists_binding.obj
c:\users\dries\documents\github\thesis-dynamic-networks\tglib\tglib_cpp\build\src\python_binding\pytglib.dir\release\temporalcloseness_binding.obj
c:\users\dries\documents\github\thesis-dynamic-networks\tglib\tglib_cpp\build\src\python_binding\pytglib.dir\release\temporalpaths_binding.obj
c:\users\dries\documents\github\thesis-dynamic-networks\tglib\tglib_cpp\build\src\python_binding\pytglib.dir\release\temporalwalkcentrality_binding.obj
c:\users\dries\documents\github\thesis-dynamic-networks\tglib\tglib_cpp\build\src\python_binding\pytglib.dir\release\temporalpagerank_binding.obj
c:\users\dries\documents\github\thesis-dynamic-networks\tglib\tglib_cpp\build\src\python_binding\pytglib.dir\release\temporaldistances_binding.obj
c:\users\dries\documents\github\thesis-dynamic-networks\tglib\tglib_cpp\build\src\python_binding\pytglib.dir\release\temporalreachability_binding.obj
c:\users\dries\documents\github\thesis-dynamic-networks\tglib\tglib_cpp\build\src\python_binding\pytglib.dir\release\temporaldiameter_binding.obj
c:\users\dries\documents\github\thesis-dynamic-networks\tglib\tglib_cpp\build\src\python_binding\pytglib.dir\release\orderededgelist_binding.obj
c:\users\dries\documents\github\thesis-dynamic-networks\tglib\tglib_cpp\build\src\python_binding\pytglib.dir\release\temporalefficiency_binding.obj
c:\users\dries\documents\github\thesis-dynamic-networks\tglib\tglib_cpp\build\src\python_binding\pytglib.dir\release\temporalclusteringcoefficient_binding.obj
c:\users\dries\documents\github\thesis-dynamic-networks\tglib\tglib_cpp\build\src\python_binding\pytglib.dir\release\temporalkhcore_binding.obj
c:\users\dries\documents\github\thesis-dynamic-networks\tglib\tglib_cpp\build\src\python_binding\pytglib.dir\release\topologicaloverlap_binding.obj
c:\users\dries\documents\github\thesis-dynamic-networks\tglib\tglib_cpp\build\src\python_binding\pytglib.dir\release\transformations_binding.obj
c:\users\dries\documents\github\thesis-dynamic-networks\tglib\tglib_cpp\build\src\python_binding\pytglib.dir\release\burstiness_binding.obj
c:\users\dries\documents\github\thesis-dynamic-networks\tglib\tglib_cpp\build\src\python_binding\pytglib.dir\release\topktemporalcloseness_binding.obj
c:\users\dries\documents\github\thesis-dynamic-networks\tglib\tglib_cpp\build\src\python_binding\pytglib.dir\release\python_binding.obj
c:\users\dries\documents\github\thesis-dynamic-networks\tglib\tglib_cpp\build\src\python_binding\cmakefiles\generate.stamp
c:\users\dries\documents\github\thesis-dynamic-networks\tglib\tglib_cpp\build\src\python_binding\release\pytglib.cp310-win_amd64.pyd
c:\users\dries\documents\github\thesis-dynamic-networks\tglib\tglib_cpp\build\src\python_binding\pytglib.dir\release\pytglib.cp310-win_amd64.iobj
c:\users\dries\documents\github\thesis-dynamic-networks\tglib\tglib_cpp\build\src\python_binding\release\pytglib.lib
c:\users\dries\documents\github\thesis-dynamic-networks\tglib\tglib_cpp\build\src\python_binding\release\pytglib.exp
c:\users\dries\documents\github\thesis-dynamic-networks\tglib\tglib_cpp\build\src\python_binding\pytglib.dir\release\pytglib.tlog\cl.10128.write.1.tlog
c:\users\dries\documents\github\thesis-dynamic-networks\tglib\tglib_cpp\build\src\python_binding\pytglib.dir\release\pytglib.tlog\cl.command.1.tlog
c:\users\dries\documents\github\thesis-dynamic-networks\tglib\tglib_cpp\build\src\python_binding\pytglib.dir\release\pytglib.tlog\cl.read.1.tlog
c:\users\dries\documents\github\thesis-dynamic-networks\tglib\tglib_cpp\build\src\python_binding\pytglib.dir\release\pytglib.tlog\custombuild.command.1.tlog
c:\users\dries\documents\github\thesis-dynamic-networks\tglib\tglib_cpp\build\src\python_binding\pytglib.dir\release\pytglib.tlog\custombuild.read.1.tlog
c:\users\dries\documents\github\thesis-dynamic-networks\tglib\tglib_cpp\build\src\python_binding\pytglib.dir\release\pytglib.tlog\custombuild.write.1.tlog
c:\users\dries\documents\github\thesis-dynamic-networks\tglib\tglib_cpp\build\src\python_binding\pytglib.dir\release\pytglib.tlog\link.command.1.tlog
c:\users\dries\documents\github\thesis-dynamic-networks\tglib\tglib_cpp\build\src\python_binding\pytglib.dir\release\pytglib.tlog\link.read.1.tlog
c:\users\dries\documents\github\thesis-dynamic-networks\tglib\tglib_cpp\build\src\python_binding\pytglib.dir\release\pytglib.tlog\link.write.1.tlog
c:\users\dries\documents\github\thesis-dynamic-networks\tglib\tglib_cpp\build\src\python_binding\pytglib.dir\release\pytglib.tlog\pytglib.write.1u.tlog
