c:\users\dries\documents\github\thesis-dynamic-networks\tglib\tglib_cpp\build\src\python_binding\pytglib.dir\debug\vc142.pdb
c:\users\dries\documents\github\thesis-dynamic-networks\tglib\tglib_cpp\build\src\python_binding\pytglib.dir\debug\temporalwalkcentrality_binding.obj
c:\users\dries\documents\github\thesis-dynamic-networks\tglib\tglib_cpp\build\src\python_binding\pytglib.dir\debug\topologicaloverlap_binding.obj
c:\users\dries\documents\github\thesis-dynamic-networks\tglib\tglib_cpp\build\src\python_binding\pytglib.dir\debug\topktemporalcloseness_binding.obj
c:\users\dries\documents\github\thesis-dynamic-networks\tglib\tglib_cpp\build\src\python_binding\pytglib.dir\debug\temporalpagerank_binding.obj
c:\users\dries\documents\github\thesis-dynamic-networks\tglib\tglib_cpp\build\src\python_binding\pytglib.dir\debug\temporalkatz_binding.obj
c:\users\dries\documents\github\thesis-dynamic-networks\tglib\tglib_cpp\build\src\python_binding\pytglib.dir\debug\temporalefficiency_binding.obj
c:\users\dries\documents\github\thesis-dynamic-networks\tglib\tglib_cpp\build\src\python_binding\pytglib.dir\debug\temporalclusteringcoefficient_binding.obj
c:\users\dries\documents\github\thesis-dynamic-networks\tglib\tglib_cpp\build\src\python_binding\pytglib.dir\debug\temporalcloseness_binding.obj
c:\users\dries\documents\github\thesis-dynamic-networks\tglib\tglib_cpp\build\src\python_binding\pytglib.dir\debug\temporalbetweenness_binding.obj
c:\users\dries\documents\github\thesis-dynamic-networks\tglib\tglib_cpp\build\src\python_binding\pytglib.dir\debug\temporalpaths_binding.obj
c:\users\dries\documents\github\thesis-dynamic-networks\tglib\tglib_cpp\build\src\python_binding\pytglib.dir\debug\temporaldistances_binding.obj
c:\users\dries\documents\github\thesis-dynamic-networks\tglib\tglib_cpp\build\src\python_binding\pytglib.dir\debug\temporaldiameter_binding.obj
c:\users\dries\documents\github\thesis-dynamic-networks\tglib\tglib_cpp\build\src\python_binding\pytglib.dir\debug\burstiness_binding.obj
c:\users\dries\documents\github\thesis-dynamic-networks\tglib\tglib_cpp\build\src\python_binding\pytglib.dir\debug\transformations_binding.obj
c:\users\dries\documents\github\thesis-dynamic-networks\tglib\tglib_cpp\build\src\python_binding\pytglib.dir\debug\incidentlists_binding.obj
c:\users\dries\documents\github\thesis-dynamic-networks\tglib\tglib_cpp\build\src\python_binding\pytglib.dir\debug\orderededgelist_binding.obj
c:\users\dries\documents\github\thesis-dynamic-networks\tglib\tglib_cpp\build\src\python_binding\pytglib.dir\debug\directedlinegraph_binding.obj
c:\users\dries\documents\github\thesis-dynamic-networks\tglib\tglib_cpp\build\src\python_binding\pytglib.dir\debug\basictypes_binding.obj
c:\users\dries\documents\github\thesis-dynamic-networks\tglib\tglib_cpp\build\src\python_binding\pytglib.dir\debug\aggregatedgraph_binding.obj
c:\users\dries\documents\github\thesis-dynamic-networks\tglib\tglib_cpp\build\src\python_binding\pytglib.dir\debug\python_binding.obj
c:\users\dries\documents\github\thesis-dynamic-networks\tglib\tglib_cpp\build\src\python_binding\pytglib.dir\debug\inputoutput_binding.obj
c:\users\dries\documents\github\thesis-dynamic-networks\tglib\tglib_cpp\build\src\python_binding\pytglib.dir\debug\temporalkhcore_binding.obj
c:\users\dries\documents\github\thesis-dynamic-networks\tglib\tglib_cpp\build\src\python_binding\pytglib.dir\debug\temporalreachability_binding.obj
c:\users\dries\documents\github\thesis-dynamic-networks\tglib\tglib_cpp\build\src\python_binding\cmakefiles\generate.stamp
c:\users\dries\documents\github\thesis-dynamic-networks\tglib\tglib_cpp\build\src\python_binding\pytglib.dir\debug\pytglib.cp310-win_amd64.ilk
c:\users\dries\documents\github\thesis-dynamic-networks\tglib\tglib_cpp\build\src\python_binding\debug\pytglib.cp310-win_amd64.pyd
c:\users\dries\documents\github\thesis-dynamic-networks\tglib\tglib_cpp\build\src\python_binding\debug\pytglib.pdb
c:\users\dries\documents\github\thesis-dynamic-networks\tglib\tglib_cpp\build\src\python_binding\debug\pytglib.lib
c:\users\dries\documents\github\thesis-dynamic-networks\tglib\tglib_cpp\build\src\python_binding\debug\pytglib.exp
c:\users\dries\documents\github\thesis-dynamic-networks\tglib\tglib_cpp\build\src\python_binding\pytglib.dir\debug\pytglib.tlog\cl.command.1.tlog
c:\users\dries\documents\github\thesis-dynamic-networks\tglib\tglib_cpp\build\src\python_binding\pytglib.dir\debug\pytglib.tlog\cl.read.1.tlog
c:\users\dries\documents\github\thesis-dynamic-networks\tglib\tglib_cpp\build\src\python_binding\pytglib.dir\debug\pytglib.tlog\cl.write.1.tlog
c:\users\dries\documents\github\thesis-dynamic-networks\tglib\tglib_cpp\build\src\python_binding\pytglib.dir\debug\pytglib.tlog\custombuild.command.1.tlog
c:\users\dries\documents\github\thesis-dynamic-networks\tglib\tglib_cpp\build\src\python_binding\pytglib.dir\debug\pytglib.tlog\custombuild.read.1.tlog
c:\users\dries\documents\github\thesis-dynamic-networks\tglib\tglib_cpp\build\src\python_binding\pytglib.dir\debug\pytglib.tlog\custombuild.write.1.tlog
c:\users\dries\documents\github\thesis-dynamic-networks\tglib\tglib_cpp\build\src\python_binding\pytglib.dir\debug\pytglib.tlog\link.command.1.tlog
c:\users\dries\documents\github\thesis-dynamic-networks\tglib\tglib_cpp\build\src\python_binding\pytglib.dir\debug\pytglib.tlog\link.read.1.tlog
c:\users\dries\documents\github\thesis-dynamic-networks\tglib\tglib_cpp\build\src\python_binding\pytglib.dir\debug\pytglib.tlog\link.write.1.tlog
c:\users\dries\documents\github\thesis-dynamic-networks\tglib\tglib_cpp\build\src\python_binding\pytglib.dir\debug\pytglib.tlog\pytglib.write.1u.tlog
