  Building Custom Rule C:/Users/dries/Documents/GitHub/Thesis-dynamic-networks/tglib/tglib_cpp/build/_deps/catch2-src/src/CMakeLists.txt
  catch_main.cpp
C:\Users\dries\Documents\GitHub\Thesis-dynamic-networks\tglib\tglib_cpp\build\_deps\catch2-src\src\catch2\..\catch2/internal/catch_clara.hpp(104,34): warning C4820: 'Catch::Clara::Detail::Token': '4' bytes padding added after data member 'Catch::Clara::Detail::Token::type'
C:\Users\dries\Documents\GitHub\Thesis-dynamic-networks\tglib\tglib_cpp\build\_deps\catch2-src\src\catch2\..\catch2/internal/catch_clara.hpp(164,13): warning C4820: 'Catch::Clara::Detail::ResultBase': '4' bytes padding added after data member 'Catch::Clara::Detail::ResultBase::m_type'
C:\Users\dries\Documents\GitHub\Thesis-dynamic-networks\tglib\tglib_cpp\build\_deps\catch2-src\src\catch2\..\catch2/internal/catch_clara.hpp(209,1): warning C4623: 'Catch::Clara::Detail::ResultValueBase<void>': default constructor was implicitly defined as deleted
C:\Users\dries\Documents\GitHub\Thesis-dynamic-networks\tglib\tglib_cpp\build\_deps\catch2-src\src\catch2\..\catch2/internal/catch_clara.hpp(279,46): warning C4820: 'Catch::Clara::Detail::ParseState': '4' bytes padding added after data member 'Catch::Clara::Detail::ParseState::m_type'
C:\Users\dries\Documents\GitHub\Thesis-dynamic-networks\tglib\tglib_cpp\build\_deps\catch2-src\src\catch2\..\catch2/internal/catch_clara.hpp(204,1): warning C4820: 'Catch::Clara::Detail::ResultValueBase<T>': '4' bytes padding added after data member '<alignment member>'
          with
          [
              T=Catch::Clara::ParseResultType
          ]
C:\Users\dries\Documents\GitHub\Thesis-dynamic-networks\tglib\tglib_cpp\build\_deps\catch2-src\src\catch2\..\catch2/internal/catch_clara.hpp(212): message : see reference to class template instantiation 'Catch::Clara::Detail::ResultValueBase<T>' being compiled
          with
          [
              T=Catch::Clara::ParseResultType
          ]
C:\Users\dries\Documents\GitHub\Thesis-dynamic-networks\tglib\tglib_cpp\build\_deps\catch2-src\src\catch2\..\catch2/internal/catch_clara.hpp(296): message : see reference to class template instantiation 'Catch::Clara::Detail::BasicResult<Catch::Clara::ParseResultType>' being compiled
C:\Users\dries\Documents\GitHub\Thesis-dynamic-networks\tglib\tglib_cpp\build\_deps\catch2-src\src\catch2\..\catch2/internal/catch_clara.hpp(324,13): warning C4625: 'Catch::Clara::Detail::BoundRef': copy constructor was implicitly defined as deleted
C:\Users\dries\Documents\GitHub\Thesis-dynamic-networks\tglib\tglib_cpp\build\_deps\catch2-src\src\catch2\..\catch2/internal/catch_clara.hpp(324,13): warning C4626: 'Catch::Clara::Detail::BoundRef': assignment operator was implicitly defined as deleted
C:\Users\dries\Documents\GitHub\Thesis-dynamic-networks\tglib\tglib_cpp\build\_deps\catch2-src\src\catch2\..\catch2/internal/catch_clara.hpp(328,13): warning C4625: 'Catch::Clara::Detail::BoundValueRefBase': copy constructor was implicitly defined as deleted
C:\Users\dries\Documents\GitHub\Thesis-dynamic-networks\tglib\tglib_cpp\build\_deps\catch2-src\src\catch2\..\catch2/internal/catch_clara.hpp(328,13): warning C5026: 'Catch::Clara::Detail::BoundValueRefBase': move constructor was implicitly defined as deleted
C:\Users\dries\Documents\GitHub\Thesis-dynamic-networks\tglib\tglib_cpp\build\_deps\catch2-src\src\catch2\..\catch2/internal/catch_clara.hpp(328,13): warning C4626: 'Catch::Clara::Detail::BoundValueRefBase': assignment operator was implicitly defined as deleted
C:\Users\dries\Documents\GitHub\Thesis-dynamic-networks\tglib\tglib_cpp\build\_deps\catch2-src\src\catch2\..\catch2/internal/catch_clara.hpp(328,13): warning C5027: 'Catch::Clara::Detail::BoundValueRefBase': move assignment operator was implicitly defined as deleted
C:\Users\dries\Documents\GitHub\Thesis-dynamic-networks\tglib\tglib_cpp\build\_deps\catch2-src\src\catch2\..\catch2/internal/catch_clara.hpp(332,13): warning C4625: 'Catch::Clara::Detail::BoundFlagRefBase': copy constructor was implicitly defined as deleted
C:\Users\dries\Documents\GitHub\Thesis-dynamic-networks\tglib\tglib_cpp\build\_deps\catch2-src\src\catch2\..\catch2/internal/catch_clara.hpp(332,13): warning C5026: 'Catch::Clara::Detail::BoundFlagRefBase': move constructor was implicitly defined as deleted
C:\Users\dries\Documents\GitHub\Thesis-dynamic-networks\tglib\tglib_cpp\build\_deps\catch2-src\src\catch2\..\catch2/internal/catch_clara.hpp(332,13): warning C4626: 'Catch::Clara::Detail::BoundFlagRefBase': assignment operator was implicitly defined as deleted
C:\Users\dries\Documents\GitHub\Thesis-dynamic-networks\tglib\tglib_cpp\build\_deps\catch2-src\src\catch2\..\catch2/internal/catch_clara.hpp(332,13): warning C5027: 'Catch::Clara::Detail::BoundFlagRefBase': move assignment operator was implicitly defined as deleted
C:\Users\dries\Documents\GitHub\Thesis-dynamic-networks\tglib\tglib_cpp\build\_deps\catch2-src\src\catch2\..\catch2/internal/catch_clara.hpp(368,13): warning C4625: 'Catch::Clara::Detail::BoundFlagRef': copy constructor was implicitly defined as deleted
C:\Users\dries\Documents\GitHub\Thesis-dynamic-networks\tglib\tglib_cpp\build\_deps\catch2-src\src\catch2\..\catch2/internal/catch_clara.hpp(368,13): warning C5026: 'Catch::Clara::Detail::BoundFlagRef': move constructor was implicitly defined as deleted
C:\Users\dries\Documents\GitHub\Thesis-dynamic-networks\tglib\tglib_cpp\build\_deps\catch2-src\src\catch2\..\catch2/internal/catch_clara.hpp(368,13): warning C4626: 'Catch::Clara::Detail::BoundFlagRef': assignment operator was implicitly defined as deleted
C:\Users\dries\Documents\GitHub\Thesis-dynamic-networks\tglib\tglib_cpp\build\_deps\catch2-src\src\catch2\..\catch2/internal/catch_clara.hpp(368,13): warning C5027: 'Catch::Clara::Detail::BoundFlagRef': move assignment operator was implicitly defined as deleted
C:\Users\dries\Documents\GitHub\Thesis-dynamic-networks\tglib\tglib_cpp\build\_deps\catch2-src\src\catch2\..\catch2/internal/catch_clara.hpp(467,1): warning C4820: 'Catch::Clara::Detail::ParserRefImpl<Catch::Clara::Arg>': '4' bytes padding added after data member 'Catch::Clara::Detail::ParserRefImpl<Catch::Clara::Arg>::m_optionality'
C:\Users\dries\Documents\GitHub\Thesis-dynamic-networks\tglib\tglib_cpp\build\_deps\catch2-src\src\catch2\..\catch2/internal/catch_clara.hpp(529): message : see reference to class template instantiation 'Catch::Clara::Detail::ParserRefImpl<Catch::Clara::Arg>' being compiled
C:\Users\dries\Documents\GitHub\Thesis-dynamic-networks\tglib\tglib_cpp\build\_deps\catch2-src\src\catch2\..\catch2/internal/catch_clara.hpp(537,9): warning C4623: 'Catch::Clara::Arg': default constructor was implicitly defined as deleted
C:\Users\dries\Documents\GitHub\Thesis-dynamic-networks\tglib\tglib_cpp\build\_deps\catch2-src\src\catch2\..\catch2/internal/catch_clara.hpp(467,1): warning C4820: 'Catch::Clara::Detail::ParserRefImpl<Catch::Clara::Opt>': '4' bytes padding added after data member 'Catch::Clara::Detail::ParserRefImpl<Catch::Clara::Opt>::m_optionality'
C:\Users\dries\Documents\GitHub\Thesis-dynamic-networks\tglib\tglib_cpp\build\_deps\catch2-src\src\catch2\..\catch2/internal/catch_clara.hpp(540): message : see reference to class template instantiation 'Catch::Clara::Detail::ParserRefImpl<Catch::Clara::Opt>' being compiled
C:\Users\dries\Documents\GitHub\Thesis-dynamic-networks\tglib\tglib_cpp\build\_deps\catch2-src\src\catch2\..\catch2/catch_test_spec.hpp(38,9): warning C4626: 'Catch::TestSpec::Pattern': assignment operator was implicitly defined as deleted
C:\Users\dries\Documents\GitHub\Thesis-dynamic-networks\tglib\tglib_cpp\build\_deps\catch2-src\src\catch2\..\catch2/catch_test_spec.hpp(46,9): warning C4626: 'Catch::TestSpec::NamePattern': assignment operator was implicitly defined as deleted
C:\Users\dries\Documents\GitHub\Thesis-dynamic-networks\tglib\tglib_cpp\build\_deps\catch2-src\src\catch2\..\catch2/catch_test_spec.hpp(46,9): warning C5027: 'Catch::TestSpec::NamePattern': move assignment operator was implicitly defined as deleted
C:\Users\dries\Documents\GitHub\Thesis-dynamic-networks\tglib\tglib_cpp\build\_deps\catch2-src\src\catch2\..\catch2/catch_test_spec.hpp(54,9): warning C4626: 'Catch::TestSpec::TagPattern': assignment operator was implicitly defined as deleted
C:\Users\dries\Documents\GitHub\Thesis-dynamic-networks\tglib\tglib_cpp\build\_deps\catch2-src\src\catch2\..\catch2/catch_test_spec.hpp(54,9): warning C5027: 'Catch::TestSpec::TagPattern': move assignment operator was implicitly defined as deleted
C:\Users\dries\Documents\GitHub\Thesis-dynamic-networks\tglib\tglib_cpp\build\_deps\catch2-src\src\catch2\..\catch2/interfaces/catch_interfaces_config.hpp(97,5): warning C4625: 'Catch::IConfig': copy constructor was implicitly defined as deleted
C:\Users\dries\Documents\GitHub\Thesis-dynamic-networks\tglib\tglib_cpp\build\_deps\catch2-src\src\catch2\..\catch2/interfaces/catch_interfaces_config.hpp(97,5): warning C4626: 'Catch::IConfig': assignment operator was implicitly defined as deleted
C:\Users\dries\Documents\GitHub\Thesis-dynamic-networks\tglib\tglib_cpp\build\_deps\catch2-src\src\catch2\..\catch2/internal/catch_console_colour.hpp(116,9): warning C4820: 'Catch::ColourImpl::ColourGuard': '3' bytes padding added after data member 'Catch::ColourImpl::ColourGuard::m_engaged'
C:\Users\dries\Documents\GitHub\Thesis-dynamic-networks\tglib\tglib_cpp\build\_deps\catch2-src\src\catch2\..\catch2/internal/catch_optional.hpp(96,1): warning C4820: 'Catch::Optional<Catch::ColourMode>': '7' bytes padding added after data member 'Catch::Optional<Catch::ColourMode>::storage'
C:\Users\dries\Documents\GitHub\Thesis-dynamic-networks\tglib\tglib_cpp\build\_deps\catch2-src\src\catch2\..\catch2/internal/catch_reporter_spec_parser.hpp(41): message : see reference to class template instantiation 'Catch::Optional<Catch::ColourMode>' being compiled
C:\Users\dries\Documents\GitHub\Thesis-dynamic-networks\tglib\tglib_cpp\build\_deps\catch2-src\src\catch2\..\catch2/catch_config.hpp(37,57): warning C4820: 'Catch::ProcessedReporterSpec': '7' bytes padding added after data member 'Catch::ProcessedReporterSpec::colourMode'
C:\Users\dries\Documents\GitHub\Thesis-dynamic-networks\tglib\tglib_cpp\build\_deps\catch2-src\src\catch2\..\catch2/catch_config.hpp(70,39): warning C4820: 'Catch::ConfigData': '2' bytes padding added after data member 'Catch::ConfigData::benchmarkNoAnalysis'
C:\Users\dries\Documents\GitHub\Thesis-dynamic-networks\tglib\tglib_cpp\build\_deps\catch2-src\src\catch2\..\catch2/catch_config.hpp(71,44): warning C4820: 'Catch::ConfigData': '4' bytes padding added after data member 'Catch::ConfigData::benchmarkSamples'
C:\Users\dries\Documents\GitHub\Thesis-dynamic-networks\tglib\tglib_cpp\build\_deps\catch2-src\src\catch2\..\catch2/catch_config.hpp(73,60): warning C4820: 'Catch::ConfigData': '4' bytes padding added after data member 'Catch::ConfigData::benchmarkResamples'
C:\Users\dries\Documents\GitHub\Thesis-dynamic-networks\tglib\tglib_cpp\build\_deps\catch2-src\src\catch2\..\catch2/catch_config.hpp(78,28): warning C4820: 'Catch::ConfigData': '4' bytes padding added after data member 'Catch::ConfigData::showDurations'
C:\Users\dries\Documents\GitHub\Thesis-dynamic-networks\tglib\tglib_cpp\build\_deps\catch2-src\src\catch2\..\catch2/catch_config.hpp(81,47): warning C4820: 'Catch::ConfigData': '3' bytes padding added after data member 'Catch::ConfigData::defaultColourMode'
C:\Users\dries\Documents\GitHub\Thesis-dynamic-networks\tglib\tglib_cpp\build\_deps\catch2-src\src\catch2\..\catch2/catch_config.hpp(83,42): warning C4820: 'Catch::ConfigData': '4' bytes padding added after data member 'Catch::ConfigData::waitForKeypress'
C:\Users\dries\Documents\GitHub\Thesis-dynamic-networks\tglib\tglib_cpp\build\_deps\catch2-src\src\catch2\..\catch2/catch_config.hpp(147,5): warning C4820: 'Catch::Config': '7' bytes padding added after data member 'Catch::Config::m_hasTestFilters'
C:\Users\dries\Documents\GitHub\Thesis-dynamic-networks\tglib\tglib_cpp\build\_deps\catch2-src\src\catch2\..\catch2/catch_config.hpp(147,5): warning C4625: 'Catch::Config': copy constructor was implicitly defined as deleted
C:\Users\dries\Documents\GitHub\Thesis-dynamic-networks\tglib\tglib_cpp\build\_deps\catch2-src\src\catch2\..\catch2/catch_config.hpp(147,5): warning C4626: 'Catch::Config': assignment operator was implicitly defined as deleted
C:\Users\dries\Documents\GitHub\Thesis-dynamic-networks\tglib\tglib_cpp\build\_deps\catch2-src\src\catch2\..\catch2/catch_session.hpp(58,5): warning C4820: 'Catch::Session': '7' bytes padding added after data member 'Catch::Session::m_startupExceptions'
C:\Users\dries\Documents\GitHub\Thesis-dynamic-networks\tglib\tglib_cpp\build\_deps\catch2-src\src\catch2\..\catch2/catch_session.hpp(58,5): warning C4625: 'Catch::Session': copy constructor was implicitly defined as deleted
C:\Users\dries\Documents\GitHub\Thesis-dynamic-networks\tglib\tglib_cpp\build\_deps\catch2-src\src\catch2\..\catch2/catch_session.hpp(58,5): warning C4626: 'Catch::Session': assignment operator was implicitly defined as deleted
C:\Users\dries\Documents\GitHub\Thesis-dynamic-networks\tglib\tglib_cpp\build\_deps\catch2-src\src\catch2\..\catch2/internal/catch_clara.hpp(121,26): warning C4514: 'Catch::Clara::Detail::TokenStream::operator bool': unreferenced inline function has been removed
C:\Users\dries\Documents\GitHub\Thesis-dynamic-networks\tglib\tglib_cpp\build\_deps\catch2-src\src\catch2\..\catch2/internal/catch_clara.hpp(125,24): warning C4514: 'Catch::Clara::Detail::TokenStream::count': unreferenced inline function has been removed
C:\Users\dries\Documents\GitHub\Thesis-dynamic-networks\tglib\tglib_cpp\build\_deps\catch2-src\src\catch2\..\catch2/internal/catch_clara.hpp(129,23): warning C4514: 'Catch::Clara::Detail::TokenStream::operator *': unreferenced inline function has been removed
C:\Users\dries\Documents\GitHub\Thesis-dynamic-networks\tglib\tglib_cpp\build\_deps\catch2-src\src\catch2\..\catch2/internal/catch_clara.hpp(134,30): warning C4514: 'Catch::Clara::Detail::TokenStream::operator ->': unreferenced inline function has been removed
C:\Users\dries\Documents\GitHub\Thesis-dynamic-networks\tglib\tglib_cpp\build\_deps\catch2-src\src\catch2\..\catch2/internal/catch_clara.hpp(272,33): warning C4514: 'Catch::Clara::Detail::ParseState::type': unreferenced inline function has been removed
C:\Users\dries\Documents\GitHub\Thesis-dynamic-networks\tglib\tglib_cpp\build\_deps\catch2-src\src\catch2\..\catch2/internal/catch_clara.hpp(273,36): warning C4514: 'Catch::Clara::Detail::ParseState::remainingTokens': unreferenced inline function has been removed
C:\Users\dries\Documents\GitHub\Thesis-dynamic-networks\tglib\tglib_cpp\build\_deps\catch2-src\src\catch2\..\catch2/internal/catch_clara.hpp(365,17): warning C4514: 'Catch::Clara::Detail::BoundFlagRef::BoundFlagRef': unreferenced inline function has been removed
C:\Users\dries\Documents\GitHub\Thesis-dynamic-networks\tglib\tglib_cpp\build\_deps\catch2-src\src\catch2\..\catch2/internal/catch_clara.hpp(568,18): warning C4514: 'Catch::Clara::Opt::operator []': unreferenced inline function has been removed
C:\Users\dries\Documents\GitHub\Thesis-dynamic-networks\tglib\tglib_cpp\build\_deps\catch2-src\src\catch2\..\catch2/internal/catch_clara.hpp(606,32): warning C4514: 'Catch::Clara::ExeName::name': unreferenced inline function has been removed
C:\Users\dries\Documents\GitHub\Thesis-dynamic-networks\tglib\tglib_cpp\build\_deps\catch2-src\src\catch2\..\catch2/internal/catch_clara.hpp(619,18): warning C4514: 'Catch::Clara::Parser::operator |=': unreferenced inline function has been removed
C:\Users\dries\Documents\GitHub\Thesis-dynamic-networks\tglib\tglib_cpp\build\_deps\catch2-src\src\catch2\..\catch2/internal/catch_clara.hpp(624,18): warning C4514: 'Catch::Clara::Parser::operator |=': unreferenced inline function has been removed
C:\Users\dries\Documents\GitHub\Thesis-dynamic-networks\tglib\tglib_cpp\build\_deps\catch2-src\src\catch2\..\catch2/internal/catch_clara.hpp(629,18): warning C4514: 'Catch::Clara::Parser::operator |=': unreferenced inline function has been removed
C:\Users\dries\Documents\GitHub\Thesis-dynamic-networks\tglib\tglib_cpp\build\_deps\catch2-src\src\catch2\..\catch2/internal/catch_clara.hpp(645,25): warning C4514: 'Catch::Clara::operator <<': unreferenced inline function has been removed
C:\Users\dries\Documents\GitHub\Thesis-dynamic-networks\tglib\tglib_cpp\build\_deps\catch2-src\src\catch2\..\catch2/internal/catch_clara.hpp(670,32): warning C4514: 'Catch::Clara::Args::exeName': unreferenced inline function has been removed
C:\Users\dries\Documents\GitHub\Thesis-dynamic-networks\tglib\tglib_cpp\build\_deps\catch2-src\src\catch2\..\catch2/internal/catch_stringref.hpp(42,9): warning C4514: 'Catch::StringRef::StringRef': unreferenced inline function has been removed
C:\Users\dries\Documents\GitHub\Thesis-dynamic-networks\tglib\tglib_cpp\build\_deps\catch2-src\src\catch2\..\catch2/internal/catch_stringref.hpp(47,18): warning C4514: 'Catch::StringRef::operator std::string': unreferenced inline function has been removed
C:\Users\dries\Documents\GitHub\Thesis-dynamic-networks\tglib\tglib_cpp\build\_deps\catch2-src\src\catch2\..\catch2/internal/catch_stringref.hpp(53,14): warning C4514: 'Catch::StringRef::operator !=': unreferenced inline function has been removed
C:\Users\dries\Documents\GitHub\Thesis-dynamic-networks\tglib\tglib_cpp\build\_deps\catch2-src\src\catch2\..\catch2/internal/catch_stringref.hpp(57,24): warning C4514: 'Catch::StringRef::operator []': unreferenced inline function has been removed
C:\Users\dries\Documents\GitHub\Thesis-dynamic-networks\tglib\tglib_cpp\build\_deps\catch2-src\src\catch2\..\catch2/internal/catch_stringref.hpp(65,24): warning C4514: 'Catch::StringRef::empty': unreferenced inline function has been removed
C:\Users\dries\Documents\GitHub\Thesis-dynamic-networks\tglib\tglib_cpp\build\_deps\catch2-src\src\catch2\..\catch2/internal/catch_stringref.hpp(68,24): warning C4514: 'Catch::StringRef::size': unreferenced inline function has been removed
C:\Users\dries\Documents\GitHub\Thesis-dynamic-networks\tglib\tglib_cpp\build\_deps\catch2-src\src\catch2\..\catch2/internal/catch_stringref.hpp(75,29): warning C4514: 'Catch::StringRef::substr': unreferenced inline function has been removed
C:\Users\dries\Documents\GitHub\Thesis-dynamic-networks\tglib\tglib_cpp\build\_deps\catch2-src\src\catch2\..\catch2/internal/catch_stringref.hpp(85,31): warning C4514: 'Catch::StringRef::data': unreferenced inline function has been removed
C:\Users\dries\Documents\GitHub\Thesis-dynamic-networks\tglib\tglib_cpp\build\_deps\catch2-src\src\catch2\..\catch2/internal/catch_stringref.hpp(89,34): warning C4514: 'Catch::StringRef::begin': unreferenced inline function has been removed
C:\Users\dries\Documents\GitHub\Thesis-dynamic-networks\tglib\tglib_cpp\build\_deps\catch2-src\src\catch2\..\catch2/internal/catch_stringref.hpp(90,34): warning C4514: 'Catch::StringRef::end': unreferenced inline function has been removed
C:\Users\dries\Documents\GitHub\Thesis-dynamic-networks\tglib\tglib_cpp\build\_deps\catch2-src\src\catch2\..\catch2/internal/catch_stringref.hpp(107,20): warning C4514: 'Catch::operator ""_sr': unreferenced inline function has been removed
C:\Users\dries\Documents\GitHub\Thesis-dynamic-networks\tglib\tglib_cpp\build\_deps\catch2-src\src\catch2\..\catch2/internal/catch_stringref.hpp(112,16): warning C4514: 'operator ""_catch_sr': unreferenced inline function has been removed
C:\Users\dries\Documents\GitHub\Thesis-dynamic-networks\tglib\tglib_cpp\build\_deps\catch2-src\src\catch2\..\catch2/internal/catch_console_colour.hpp(64,9): warning C4514: 'Catch::ColourImpl::ColourImpl': unreferenced inline function has been removed
C:\Users\dries\Documents\GitHub\Thesis-dynamic-networks\tglib\tglib_cpp\build\_deps\catch2-src\src\catch2\..\catch2/internal/catch_console_colour.hpp(102,34): warning C4514: 'Catch::operator <<': unreferenced inline function has been removed
C:\Users\dries\Documents\GitHub\Thesis-dynamic-networks\tglib\tglib_cpp\build\_deps\catch2-src\src\catch2\..\catch2/internal/catch_console_colour.hpp(108,34): warning C4514: 'Catch::operator <<': unreferenced inline function has been removed
C:\Users\dries\Documents\GitHub\Thesis-dynamic-networks\tglib\tglib_cpp\build\_deps\catch2-src\src\catch2\..\catch2/internal/catch_reporter_spec_parser.hpp(46,21): warning C4514: 'Catch::operator !=': unreferenced inline function has been removed
C:\Users\dries\Documents\GitHub\Thesis-dynamic-networks\tglib\tglib_cpp\build\_deps\catch2-src\src\catch2\..\catch2/internal/catch_reporter_spec_parser.hpp(58,28): warning C4514: 'Catch::ReporterSpec::name': unreferenced inline function has been removed
C:\Users\dries\Documents\GitHub\Thesis-dynamic-networks\tglib\tglib_cpp\build\_deps\catch2-src\src\catch2\..\catch2/internal/catch_reporter_spec_parser.hpp(60,38): warning C4514: 'Catch::ReporterSpec::outputFile': unreferenced inline function has been removed
C:\Users\dries\Documents\GitHub\Thesis-dynamic-networks\tglib\tglib_cpp\build\_deps\catch2-src\src\catch2\..\catch2/internal/catch_reporter_spec_parser.hpp(64,37): warning C4514: 'Catch::ReporterSpec::colourMode': unreferenced inline function has been removed
C:\Users\dries\Documents\GitHub\Thesis-dynamic-networks\tglib\tglib_cpp\build\_deps\catch2-src\src\catch2\..\catch2/internal/catch_reporter_spec_parser.hpp(66,51): warning C4514: 'Catch::ReporterSpec::customOptions': unreferenced inline function has been removed
C:\Users\dries\Documents\GitHub\Thesis-dynamic-networks\tglib\tglib_cpp\build\_deps\catch2-src\src\catch2\..\catch2/catch_config.hpp(40,21): warning C4514: 'Catch::operator !=': unreferenced inline function has been removed
C:\Program Files (x86)\Microsoft Visual Studio\2019\Community\VC\Tools\MSVC\14.29.30133\include\xloctime(182): warning C4711: function 'char * __ptr64 __cdecl std::_Maklocstr<char>(char const * __ptr64,char * __ptr64,struct _Cvtvec const & __ptr64)' selected for automatic inline expansion
  Catch2WithMain.vcxproj -> C:\Users\dries\Documents\GitHub\Thesis-dynamic-networks\tglib\tglib_cpp\build\_deps\catch2-build\src\Release\Catch2Main.lib
