c:\users\dries\documents\github\thesis-dynamic-networks\tglib\tglib_cpp\build\_deps\catch2-build\src\catch2.dir\release\catch_commandline.obj
c:\users\dries\documents\github\thesis-dynamic-networks\tglib\tglib_cpp\build\_deps\catch2-build\src\catch2.dir\release\catch_clara.obj
c:\users\dries\documents\github\thesis-dynamic-networks\tglib\tglib_cpp\build\_deps\catch2-build\src\catch2.dir\release\catch_matchers_combined_tu.obj
c:\users\dries\documents\github\thesis-dynamic-networks\tglib\tglib_cpp\build\_deps\catch2-build\src\catch2.dir\release\catch_assertion_result.obj
c:\users\dries\documents\github\thesis-dynamic-networks\tglib\tglib_cpp\build\_deps\catch2-build\src\catch2.dir\release\catch_assertion_handler.obj
c:\users\dries\documents\github\thesis-dynamic-networks\tglib\tglib_cpp\build\_deps\catch2-build\src\catch2.dir\release\catch_approx.obj
c:\users\dries\documents\github\thesis-dynamic-networks\tglib\tglib_cpp\build\_deps\catch2-build\src\catch2.dir\release\catch_reporter_xml.obj
c:\users\dries\documents\github\thesis-dynamic-networks\tglib\tglib_cpp\build\_deps\catch2-build\src\catch2.dir\release\catch_reporter_teamcity.obj
c:\users\dries\documents\github\thesis-dynamic-networks\tglib\tglib_cpp\build\_deps\catch2-build\src\catch2.dir\release\catch_reporter_tap.obj
c:\users\dries\documents\github\thesis-dynamic-networks\tglib\tglib_cpp\build\_deps\catch2-build\src\catch2.dir\release\catch_reporter_streaming_base.obj
c:\users\dries\documents\github\thesis-dynamic-networks\tglib\tglib_cpp\build\_deps\catch2-build\src\catch2.dir\release\catch_reporter_sonarqube.obj
c:\users\dries\documents\github\thesis-dynamic-networks\tglib\tglib_cpp\build\_deps\catch2-build\src\catch2.dir\release\catch_reporter_registrars.obj
c:\users\dries\documents\github\thesis-dynamic-networks\tglib\tglib_cpp\build\_deps\catch2-build\src\catch2.dir\release\catch_reporter_multi.obj
c:\users\dries\documents\github\thesis-dynamic-networks\tglib\tglib_cpp\build\_deps\catch2-build\src\catch2.dir\release\catch_reporter_junit.obj
c:\users\dries\documents\github\thesis-dynamic-networks\tglib\tglib_cpp\build\_deps\catch2-build\src\catch2.dir\release\catch_reporter_cumulative_base.obj
c:\users\dries\documents\github\thesis-dynamic-networks\tglib\tglib_cpp\build\_deps\catch2-build\src\catch2.dir\release\catch_reporter_console.obj
c:\users\dries\documents\github\thesis-dynamic-networks\tglib\tglib_cpp\build\_deps\catch2-build\src\catch2.dir\release\catch_reporter_compact.obj
c:\users\dries\documents\github\thesis-dynamic-networks\tglib\tglib_cpp\build\_deps\catch2-build\src\catch2.dir\release\catch_reporter_common_base.obj
c:\users\dries\documents\github\thesis-dynamic-networks\tglib\tglib_cpp\build\_deps\catch2-build\src\catch2.dir\release\catch_reporter_combined_tu.obj
c:\users\dries\documents\github\thesis-dynamic-networks\tglib\tglib_cpp\build\_deps\catch2-build\src\catch2.dir\release\catch_reporter_automake.obj
c:\users\dries\documents\github\thesis-dynamic-networks\tglib\tglib_cpp\build\_deps\catch2-build\src\catch2.dir\release\catch_matchers_string.obj
c:\users\dries\documents\github\thesis-dynamic-networks\tglib\tglib_cpp\build\_deps\catch2-build\src\catch2.dir\release\catch_matchers_floating_point.obj
c:\users\dries\documents\github\thesis-dynamic-networks\tglib\tglib_cpp\build\_deps\catch2-build\src\catch2.dir\release\catch_list.obj
c:\users\dries\documents\github\thesis-dynamic-networks\tglib\tglib_cpp\build\_deps\catch2-build\src\catch2.dir\release\catch_interfaces_reporter.obj
c:\users\dries\documents\github\thesis-dynamic-networks\tglib\tglib_cpp\build\_deps\catch2-build\src\catch2.dir\release\catch_interfaces_generatortracker.obj
c:\users\dries\documents\github\thesis-dynamic-networks\tglib\tglib_cpp\build\_deps\catch2-build\src\catch2.dir\release\catch_interfaces_combined_tu.obj
c:\users\dries\documents\github\thesis-dynamic-networks\tglib\tglib_cpp\build\_deps\catch2-build\src\catch2.dir\release\catch_generators_combined_tu.obj
c:\users\dries\documents\github\thesis-dynamic-networks\tglib\tglib_cpp\build\_deps\catch2-build\src\catch2.dir\release\catch_istream.obj
c:\users\dries\documents\github\thesis-dynamic-networks\tglib\tglib_cpp\build\_deps\catch2-build\src\catch2.dir\release\catch_floating_point_helpers.obj
c:\users\dries\documents\github\thesis-dynamic-networks\tglib\tglib_cpp\build\_deps\catch2-build\src\catch2.dir\release\catch_fatal_condition_handler.obj
c:\users\dries\documents\github\thesis-dynamic-networks\tglib\tglib_cpp\build\_deps\catch2-build\src\catch2.dir\release\catch_exception_translator_registry.obj
c:\users\dries\documents\github\thesis-dynamic-networks\tglib\tglib_cpp\build\_deps\catch2-build\src\catch2.dir\release\catch_enum_values_registry.obj
c:\users\dries\documents\github\thesis-dynamic-networks\tglib\tglib_cpp\build\_deps\catch2-build\src\catch2.dir\release\catch_enforce.obj
c:\users\dries\documents\github\thesis-dynamic-networks\tglib\tglib_cpp\build\_deps\catch2-build\src\catch2.dir\release\catch_debugger.obj
c:\users\dries\documents\github\thesis-dynamic-networks\tglib\tglib_cpp\build\_deps\catch2-build\src\catch2.dir\release\catch_debug_console.obj
c:\users\dries\documents\github\thesis-dynamic-networks\tglib\tglib_cpp\build\_deps\catch2-build\src\catch2.dir\release\catch_context.obj
c:\users\dries\documents\github\thesis-dynamic-networks\tglib\tglib_cpp\build\_deps\catch2-build\src\catch2.dir\release\catch_console_colour.obj
c:\users\dries\documents\github\thesis-dynamic-networks\tglib\tglib_cpp\build\_deps\catch2-build\src\catch2.dir\release\catch_case_insensitive_comparisons.obj
c:\users\dries\documents\github\thesis-dynamic-networks\tglib\tglib_cpp\build\_deps\catch2-build\src\catch2.dir\release\catch_config.obj
c:\users\dries\documents\github\thesis-dynamic-networks\tglib\tglib_cpp\build\_deps\catch2-build\src\catch2.dir\release\catch_source_line_info.obj
c:\users\dries\documents\github\thesis-dynamic-networks\tglib\tglib_cpp\build\_deps\catch2-build\src\catch2.dir\release\catch_test_case_info.obj
c:\users\dries\documents\github\thesis-dynamic-networks\tglib\tglib_cpp\build\_deps\catch2-build\src\catch2.dir\release\catch_tag_alias_registry.obj
c:\users\dries\documents\github\thesis-dynamic-networks\tglib\tglib_cpp\build\_deps\catch2-build\src\catch2.dir\release\catch_string_manip.obj
c:\users\dries\documents\github\thesis-dynamic-networks\tglib\tglib_cpp\build\_deps\catch2-build\src\catch2.dir\release\catch_stringref.obj
c:\users\dries\documents\github\thesis-dynamic-networks\tglib\tglib_cpp\build\_deps\catch2-build\src\catch2.dir\release\catch_reusable_string_stream.obj
c:\users\dries\documents\github\thesis-dynamic-networks\tglib\tglib_cpp\build\_deps\catch2-build\src\catch2.dir\release\catch_singletons.obj
c:\users\dries\documents\github\thesis-dynamic-networks\tglib\tglib_cpp\build\_deps\catch2-build\src\catch2.dir\release\catch_session.obj
c:\users\dries\documents\github\thesis-dynamic-networks\tglib\tglib_cpp\build\_deps\catch2-build\src\catch2.dir\release\catch_stdstreams.obj
c:\users\dries\documents\github\thesis-dynamic-networks\tglib\tglib_cpp\build\_deps\catch2-build\src\catch2.dir\release\catch_section.obj
c:\users\dries\documents\github\thesis-dynamic-networks\tglib\tglib_cpp\build\_deps\catch2-build\src\catch2.dir\release\catch_run_context.obj
c:\users\dries\documents\github\thesis-dynamic-networks\tglib\tglib_cpp\build\_deps\catch2-build\src\catch2.dir\release\catch_result_type.obj
c:\users\dries\documents\github\thesis-dynamic-networks\tglib\tglib_cpp\build\_deps\catch2-build\src\catch2.dir\release\catch_reporter_spec_parser.obj
c:\users\dries\documents\github\thesis-dynamic-networks\tglib\tglib_cpp\build\_deps\catch2-build\src\catch2.dir\release\catch_reporter_registry.obj
c:\users\dries\documents\github\thesis-dynamic-networks\tglib\tglib_cpp\build\_deps\catch2-build\src\catch2.dir\release\catch_random_seed_generation.obj
c:\users\dries\documents\github\thesis-dynamic-networks\tglib\tglib_cpp\build\_deps\catch2-build\src\catch2.dir\release\catch_random_number_generator.obj
c:\users\dries\documents\github\thesis-dynamic-networks\tglib\tglib_cpp\build\_deps\catch2-build\src\catch2.dir\release\catch_combined_tu.obj
c:\users\dries\documents\github\thesis-dynamic-networks\tglib\tglib_cpp\build\_deps\catch2-build\src\catch2.dir\release\catch_registry_hub.obj
c:\users\dries\documents\github\thesis-dynamic-networks\tglib\tglib_cpp\build\_deps\catch2-build\src\catch2.dir\release\catch_output_redirect.obj
c:\users\dries\documents\github\thesis-dynamic-networks\tglib\tglib_cpp\build\_deps\catch2-build\src\catch2.dir\release\catch_message.obj
c:\users\dries\documents\github\thesis-dynamic-networks\tglib\tglib_cpp\build\_deps\catch2-build\src\catch2.dir\release\catch_matchers_templated.obj
c:\users\dries\documents\github\thesis-dynamic-networks\tglib\tglib_cpp\build\_deps\catch2-build\src\catch2.dir\release\catch_stats.obj
c:\users\dries\documents\github\thesis-dynamic-networks\tglib\tglib_cpp\build\_deps\catch2-build\src\catch2.dir\release\catch_benchmark_combined_tu.obj
c:\users\dries\documents\github\thesis-dynamic-networks\tglib\tglib_cpp\build\_deps\catch2-build\src\catch2.dir\release\catch_generators_random.obj
c:\users\dries\documents\github\thesis-dynamic-networks\tglib\tglib_cpp\build\_deps\catch2-build\src\catch2.dir\release\catch_test_case_info_hasher.obj
c:\users\dries\documents\github\thesis-dynamic-networks\tglib\tglib_cpp\build\_deps\catch2-build\src\catch2.dir\release\catch_xmlwriter.obj
c:\users\dries\documents\github\thesis-dynamic-networks\tglib\tglib_cpp\build\_deps\catch2-build\src\catch2.dir\release\catch_wildcard_pattern.obj
c:\users\dries\documents\github\thesis-dynamic-networks\tglib\tglib_cpp\build\_deps\catch2-build\src\catch2.dir\release\catch_version.obj
c:\users\dries\documents\github\thesis-dynamic-networks\tglib\tglib_cpp\build\_deps\catch2-build\src\catch2.dir\release\catch_totals.obj
c:\users\dries\documents\github\thesis-dynamic-networks\tglib\tglib_cpp\build\_deps\catch2-build\src\catch2.dir\release\catch_tostring.obj
c:\users\dries\documents\github\thesis-dynamic-networks\tglib\tglib_cpp\build\_deps\catch2-build\src\catch2.dir\release\catch_timer.obj
c:\users\dries\documents\github\thesis-dynamic-networks\tglib\tglib_cpp\build\_deps\catch2-build\src\catch2.dir\release\catch_test_spec_parser.obj
c:\users\dries\documents\github\thesis-dynamic-networks\tglib\tglib_cpp\build\_deps\catch2-build\src\catch2.dir\release\catch_test_spec.obj
c:\users\dries\documents\github\thesis-dynamic-networks\tglib\tglib_cpp\build\_deps\catch2-build\src\catch2.dir\release\catch_textflow.obj
c:\users\dries\documents\github\thesis-dynamic-networks\tglib\tglib_cpp\build\_deps\catch2-build\src\catch2.dir\release\catch_test_registry.obj
c:\users\dries\documents\github\thesis-dynamic-networks\tglib\tglib_cpp\build\_deps\catch2-build\src\catch2.dir\release\catch_test_case_tracker.obj
c:\users\dries\documents\github\thesis-dynamic-networks\tglib\tglib_cpp\build\_deps\catch2-build\src\catch2.dir\release\catch_test_case_registry_impl.obj
c:\users\dries\documents\github\thesis-dynamic-networks\tglib\tglib_cpp\build\_deps\catch2-build\src\cmakefiles\generate.stamp
c:\users\dries\documents\github\thesis-dynamic-networks\tglib\tglib_cpp\build\_deps\catch2-build\src\release\catch2.lib
c:\users\dries\documents\github\thesis-dynamic-networks\tglib\tglib_cpp\build\_deps\catch2-build\src\catch2.dir\release\catch2.tlog\cl.command.1.tlog
c:\users\dries\documents\github\thesis-dynamic-networks\tglib\tglib_cpp\build\_deps\catch2-build\src\catch2.dir\release\catch2.tlog\cl.read.1.tlog
c:\users\dries\documents\github\thesis-dynamic-networks\tglib\tglib_cpp\build\_deps\catch2-build\src\catch2.dir\release\catch2.tlog\cl.write.1.tlog
c:\users\dries\documents\github\thesis-dynamic-networks\tglib\tglib_cpp\build\_deps\catch2-build\src\catch2.dir\release\catch2.tlog\custombuild.command.1.tlog
c:\users\dries\documents\github\thesis-dynamic-networks\tglib\tglib_cpp\build\_deps\catch2-build\src\catch2.dir\release\catch2.tlog\custombuild.read.1.tlog
c:\users\dries\documents\github\thesis-dynamic-networks\tglib\tglib_cpp\build\_deps\catch2-build\src\catch2.dir\release\catch2.tlog\custombuild.write.1.tlog
c:\users\dries\documents\github\thesis-dynamic-networks\tglib\tglib_cpp\build\_deps\catch2-build\src\catch2.dir\release\catch2.tlog\lib-link.read.1.tlog
c:\users\dries\documents\github\thesis-dynamic-networks\tglib\tglib_cpp\build\_deps\catch2-build\src\catch2.dir\release\catch2.tlog\lib-link.write.1.tlog
c:\users\dries\documents\github\thesis-dynamic-networks\tglib\tglib_cpp\build\_deps\catch2-build\src\catch2.dir\release\catch2.tlog\lib.command.1.tlog
